<?xml version="1.0" encoding="UTF-8"?>
<testng-results skipped="0" failed="1" ignored="0" total="2" passed="1">
  <reporter-output>
  </reporter-output>
  <suite name="Suite1" duration-ms="21187" started-at="2020-05-09T19:53:22 IST" finished-at="2020-05-09T19:53:43 IST">
    <groups>
    </groups>
    <test name="Test1" duration-ms="21187" started-at="2020-05-09T19:53:22 IST" finished-at="2020-05-09T19:53:43 IST">
      <class name="facebook.Account.Google">
        <test-method status="FAIL" signature="google()[pri:0, instance:facebook.Account.Google@4973813a]" name="google" duration-ms="11154" started-at="2020-05-09T19:53:22 IST" finished-at="2020-05-09T19:53:33 IST">
          <exception class="org.openqa.selenium.SessionNotCreatedException">
            <message>
              <![CDATA[session not created
from chrome not reachable
  (Session info: chrome=81.0.4044.138)
Build info: version: '3.141.59', revision: 'e82be7d358', time: '2018-11-14T08:17:03'
System info: host: 'LAPTOP-J4HJB4SI', ip: '192.168.56.1', os.name: 'Windows 10', os.arch: 'amd64', os.version: '10.0', java.version: '1.8.0_241'
Driver info: driver.version: ChromeDriver
remote stacktrace: Backtrace:
Ordinal0 [0x00865F73+2449267]
Ordinal0 [0x00798361+1606497]
Ordinal0 [0x0068F812+522258]
Ordinal0 [0x006895B2+497074]
Ordinal0 [0x00689C9B+498843]
Ordinal0 [0x0068ABF5+502773]
Ordinal0 [0x00686724+485156]
Ordinal0 [0x00690600+525824]
Ordinal0 [0x0063CBB9+183225]
Ordinal0 [0x0063BF2D+180013]
Ordinal0 [0x00639E5B+171611]
Ordinal0 [0x00621DD8+73176]
Ordinal0 [0x00622E50+77392]
Ordinal0 [0x00622DE9+77289]
Ordinal0 [0x007AD8D7+1693911]
GetHandleVerifier [0x00904036+522726]
GetHandleVerifier [0x00903D74+522020]
GetHandleVerifier [0x00919187+609079]
GetHandleVerifier [0x009048A6+524886]
Ordinal0 [0x007A5CBC+1662140]
Ordinal0 [0x007AF23B+1700411]
Ordinal0 [0x007AF3A3+1700771]
Ordinal0 [0x007C5215+1790485]
BaseThreadInitThunk [0x75B36359+25]
RtlGetAppContainerNamedObjectPath [0x770C7C14+228]
RtlGetAppContainerNamedObjectPath [0x770C7BE4+180]
]]>
            </message>
            <full-stacktrace>
              <![CDATA[org.openqa.selenium.SessionNotCreatedException: session not created
from chrome not reachable
  (Session info: chrome=81.0.4044.138)
Build info: version: '3.141.59', revision: 'e82be7d358', time: '2018-11-14T08:17:03'
System info: host: 'LAPTOP-J4HJB4SI', ip: '192.168.56.1', os.name: 'Windows 10', os.arch: 'amd64', os.version: '10.0', java.version: '1.8.0_241'
Driver info: driver.version: ChromeDriver
remote stacktrace: Backtrace:
Ordinal0 [0x00865F73+2449267]
Ordinal0 [0x00798361+1606497]
Ordinal0 [0x0068F812+522258]
Ordinal0 [0x006895B2+497074]
Ordinal0 [0x00689C9B+498843]
Ordinal0 [0x0068ABF5+502773]
Ordinal0 [0x00686724+485156]
Ordinal0 [0x00690600+525824]
Ordinal0 [0x0063CBB9+183225]
Ordinal0 [0x0063BF2D+180013]
Ordinal0 [0x00639E5B+171611]
Ordinal0 [0x00621DD8+73176]
Ordinal0 [0x00622E50+77392]
Ordinal0 [0x00622DE9+77289]
Ordinal0 [0x007AD8D7+1693911]
GetHandleVerifier [0x00904036+522726]
GetHandleVerifier [0x00903D74+522020]
GetHandleVerifier [0x00919187+609079]
GetHandleVerifier [0x009048A6+524886]
Ordinal0 [0x007A5CBC+1662140]
Ordinal0 [0x007AF23B+1700411]
Ordinal0 [0x007AF3A3+1700771]
Ordinal0 [0x007C5215+1790485]
BaseThreadInitThunk [0x75B36359+25]
RtlGetAppContainerNamedObjectPath [0x770C7C14+228]
RtlGetAppContainerNamedObjectPath [0x770C7BE4+180]

at sun.reflect.NativeConstructorAccessorImpl.newInstance0(Native Method)
at sun.reflect.NativeConstructorAccessorImpl.newInstance(NativeConstructorAccessorImpl.java:62)
at sun.reflect.DelegatingConstructorAccessorImpl.newInstance(DelegatingConstructorAccessorImpl.java:45)
at java.lang.reflect.Constructor.newInstance(Constructor.java:423)
at org.openqa.selenium.remote.W3CHandshakeResponse.lambda$errorHandler$0(W3CHandshakeResponse.java:62)
at org.openqa.selenium.remote.HandshakeResponse.lambda$getResponseFunction$0(HandshakeResponse.java:30)
at org.openqa.selenium.remote.ProtocolHandshake.lambda$createSession$0(ProtocolHandshake.java:126)
at java.util.stream.ReferencePipeline$3$1.accept(ReferencePipeline.java:193)
at java.util.Spliterators$ArraySpliterator.tryAdvance(Spliterators.java:958)
at java.util.stream.ReferencePipeline.forEachWithCancel(ReferencePipeline.java:126)
at java.util.stream.AbstractPipeline.copyIntoWithCancel(AbstractPipeline.java:499)
at java.util.stream.AbstractPipeline.copyInto(AbstractPipeline.java:486)
at java.util.stream.AbstractPipeline.wrapAndCopyInto(AbstractPipeline.java:472)
at java.util.stream.FindOps$FindOp.evaluateSequential(FindOps.java:152)
at java.util.stream.AbstractPipeline.evaluate(AbstractPipeline.java:234)
at java.util.stream.ReferencePipeline.findFirst(ReferencePipeline.java:464)
at org.openqa.selenium.remote.ProtocolHandshake.createSession(ProtocolHandshake.java:128)
at org.openqa.selenium.remote.ProtocolHandshake.createSession(ProtocolHandshake.java:74)
at org.openqa.selenium.remote.HttpCommandExecutor.execute(HttpCommandExecutor.java:136)
at org.openqa.selenium.remote.service.DriverCommandExecutor.execute(DriverCommandExecutor.java:83)
at org.openqa.selenium.remote.RemoteWebDriver.execute(RemoteWebDriver.java:552)
at org.openqa.selenium.remote.RemoteWebDriver.startSession(RemoteWebDriver.java:213)
at org.openqa.selenium.remote.RemoteWebDriver.<init>(RemoteWebDriver.java:131)
at org.openqa.selenium.chrome.ChromeDriver.<init>(ChromeDriver.java:181)
at org.openqa.selenium.chrome.ChromeDriver.<init>(ChromeDriver.java:168)
at org.openqa.selenium.chrome.ChromeDriver.<init>(ChromeDriver.java:123)
at facebook.Account.Google.google(Google.java:11)
at sun.reflect.NativeMethodAccessorImpl.invoke0(Native Method)
at sun.reflect.NativeMethodAccessorImpl.invoke(NativeMethodAccessorImpl.java:62)
at sun.reflect.DelegatingMethodAccessorImpl.invoke(DelegatingMethodAccessorImpl.java:43)
at java.lang.reflect.Method.invoke(Method.java:498)
at org.testng.internal.MethodInvocationHelper.invokeMethod(MethodInvocationHelper.java:134)
at org.testng.internal.TestInvoker.invokeMethod(TestInvoker.java:597)
at org.testng.internal.TestInvoker.invokeTestMethod(TestInvoker.java:173)
at org.testng.internal.MethodRunner.runInSequence(MethodRunner.java:46)
at org.testng.internal.TestInvoker$MethodInvocationAgent.invoke(TestInvoker.java:816)
at org.testng.internal.TestInvoker.invokeTestMethods(TestInvoker.java:146)
at org.testng.internal.TestMethodWorker.invokeTestMethods(TestMethodWorker.java:146)
at org.testng.internal.TestMethodWorker.run(TestMethodWorker.java:128)
at java.util.ArrayList.forEach(ArrayList.java:1257)
at org.testng.TestRunner.privateRun(TestRunner.java:766)
at org.testng.TestRunner.run(TestRunner.java:587)
at org.testng.SuiteRunner.runTest(SuiteRunner.java:384)
at org.testng.SuiteRunner.runSequentially(SuiteRunner.java:378)
at org.testng.SuiteRunner.privateRun(SuiteRunner.java:337)
at org.testng.SuiteRunner.run(SuiteRunner.java:286)
at org.testng.SuiteRunnerWorker.runSuite(SuiteRunnerWorker.java:53)
at org.testng.SuiteRunnerWorker.run(SuiteRunnerWorker.java:96)
at org.testng.TestNG.runSuitesSequentially(TestNG.java:1187)
at org.testng.TestNG.runSuitesLocally(TestNG.java:1109)
at org.testng.TestNG.runSuites(TestNG.java:1039)
at org.testng.TestNG.run(TestNG.java:1007)
at org.testng.remote.AbstractRemoteTestNG.run(AbstractRemoteTestNG.java:115)
at org.testng.remote.RemoteTestNG.initAndRun(RemoteTestNG.java:251)
at org.testng.remote.RemoteTestNG.main(RemoteTestNG.java:77)
]]>
            </full-stacktrace>
          </exception> <!-- org.openqa.selenium.SessionNotCreatedException -->
          <reporter-output>
          </reporter-output>
        </test-method> <!-- google -->
      </class> <!-- facebook.Account.Google -->
      <class name="facebook.Account.facebookTest">
        <test-method status="PASS" signature="face()[pri:0, instance:facebook.Account.facebookTest@6321e813]" name="face" duration-ms="9905" started-at="2020-05-09T19:53:33 IST" finished-at="2020-05-09T19:53:43 IST">
          <reporter-output>
          </reporter-output>
        </test-method> <!-- face -->
      </class> <!-- facebook.Account.facebookTest -->
    </test> <!-- Test1 -->
  </suite> <!-- Suite1 -->
</testng-results>
