<?xml version="1.0" encoding="UTF-8"?>
<testng-results ignored="0" total="2" passed="2" failed="0" skipped="0">
  <reporter-output>
  </reporter-output>
  <suite started-at="2021-11-01T18:05:22 IST" name="Default suite" finished-at="2021-11-01T18:05:32 IST" duration-ms="10499">
    <groups>
    </groups>
    <test started-at="2021-11-01T18:05:22 IST" name="Default test" finished-at="2021-11-01T18:05:32 IST" duration-ms="10499">
      <class name="one.ans3">
        <test-method is-config="true" signature="Launch()[pri:0, instance:one.ans3@743cb8e0]" started-at="2021-11-01T18:05:22 IST" name="Launch" finished-at="2021-11-01T18:05:22 IST" duration-ms="660" status="PASS">
          <reporter-output>
          </reporter-output>
        </test-method> <!-- Launch -->
        <test-method signature="title()[pri:1, instance:one.ans3@743cb8e0]" started-at="2021-11-01T18:05:22 IST" name="title" finished-at="2021-11-01T18:05:27 IST" duration-ms="4297" status="PASS">
          <reporter-output>
          </reporter-output>
        </test-method> <!-- title -->
        <test-method signature="click()[pri:2, instance:one.ans3@743cb8e0]" started-at="2021-11-01T18:05:27 IST" name="click" finished-at="2021-11-01T18:05:32 IST" duration-ms="5473" status="PASS">
          <reporter-output>
          </reporter-output>
        </test-method> <!-- click -->
        <test-method is-config="true" signature="close()[pri:0, instance:one.ans3@743cb8e0]" started-at="2021-11-01T18:05:32 IST" name="close" finished-at="2021-11-01T18:05:32 IST" duration-ms="0" status="PASS">
          <reporter-output>
          </reporter-output>
        </test-method> <!-- close -->
      </class> <!-- one.ans3 -->
    </test> <!-- Default test -->
  </suite> <!-- Default suite -->
</testng-results>
